# JRE version: Java(TM) SE Runtime Environment (7.0_51-b13) (build 1.7.0_51-b13)
# Java VM: Java HotSpot(TM) 64-Bit Server VM (24.51-b03 mixed mode bsd-amd64 compressed oops)
Heap
 PSYoungGen      total 38912K, used 4037K [0x00000007d5500000, 0x00000007d8000000, 0x0000000800000000)
  eden space 33792K, 11% used [0x00000007d5500000,0x00000007d58f1440,0x00000007d7600000)
  from space 5120K, 0% used [0x00000007d7600000,0x00000007d7600000,0x00000007d7b00000)
  to   space 5120K, 0% used [0x00000007d7b00000,0x00000007d7b00000,0x00000007d8000000)
 ParOldGen       total 126464K, used 85569K [0x0000000780000000, 0x0000000787b80000, 0x00000007d5500000)
  object space 126464K, 67% used [0x0000000780000000,0x0000000785390458,0x0000000787b80000)
 PSPermGen       total 30720K, used 15167K [0x000000077ae00000, 0x000000077cc00000, 0x0000000780000000)
  object space 30720K, 49% used [0x000000077ae00000,0x000000077bccfd88,0x000000077cc00000)
GC Heap History (8 events):
Event: 7.323 GC heap before
{Heap before GC invocations=1 (full 0):
 PSYoungGen      total 38912K, used 33792K [0x00000007d5500000, 0x00000007d8000000, 0x0000000800000000)
  eden space 33792K, 100% used [0x00000007d5500000,0x00000007d7600000,0x00000007d7600000)
  from space 5120K, 0% used [0x00000007d7b00000,0x00000007d7b00000,0x00000007d8000000)
  to   space 5120K, 0% used [0x00000007d7600000,0x00000007d7600000,0x00000007d7b00000)
 ParOldGen       total 87040K, used 38992K [0x0000000780000000, 0x0000000785500000, 0x00000007d5500000)
  object space 87040K, 44% used [0x0000000780000000,0x0000000782614210,0x0000000785500000)
 PSPermGen       total 21504K, used 15100K [0x000000077ae00000, 0x000000077c300000, 0x0000000780000000)
  object space 21504K, 70% used [0x000000077ae00000,0x000000077bcbf0f8,0x000000077c300000)
Event: 7.332 GC heap after
Heap after GC invocations=1 (full 0):
 PSYoungGen      total 38912K, used 5118K [0x00000007d5500000, 0x00000007d8000000, 0x0000000800000000)
  eden space 33792K, 0% used [0x00000007d5500000,0x00000007d5500000,0x00000007d7600000)
  from space 5120K, 99% used [0x00000007d7600000,0x00000007d7affa40,0x00000007d7b00000)
  to   space 5120K, 0% used [0x00000007d7b00000,0x00000007d7b00000,0x00000007d8000000)
 ParOldGen       total 87040K, used 40299K [0x0000000780000000, 0x0000000785500000, 0x00000007d5500000)
  object space 87040K, 46% used [0x0000000780000000,0x000000078275ad60,0x0000000785500000)
 PSPermGen       total 21504K, used 15100K [0x000000077ae00000, 0x000000077c300000, 0x0000000780000000)
  object space 21504K, 70% used [0x000000077ae00000,0x000000077bcbf0f8,0x000000077c300000)
}
Event: 12.504 GC heap before
{Heap before GC invocations=2 (full 0):
 PSYoungGen      total 38912K, used 38910K [0x00000007d5500000, 0x00000007d8000000, 0x0000000800000000)
  eden space 33792K, 100% used [0x00000007d5500000,0x00000007d7600000,0x00000007d7600000)
  from space 5120K, 99% used [0x00000007d7600000,0x00000007d7affa40,0x00000007d7b00000)
  to   space 5120K, 0% used [0x00000007d7b00000,0x00000007d7b00000,0x00000007d8000000)
 ParOldGen       total 87040K, used 40299K [0x0000000780000000, 0x0000000785500000, 0x00000007d5500000)
  object space 87040K, 46% used [0x0000000780000000,0x000000078275ad60,0x0000000785500000)
 PSPermGen       total 21504K, used 15138K [0x000000077ae00000, 0x000000077c300000, 0x0000000780000000)
  object space 21504K, 70% used [0x000000077ae00000,0x000000077bcc8830,0x000000077c300000)
Event: 12.511 GC heap after
Heap after GC invocations=2 (full 0):
 PSYoungGen      total 38912K, used 5094K [0x00000007d5500000, 0x00000007d8000000, 0x0000000800000000)
  eden space 33792K, 0% used [0x00000007d5500000,0x00000007d5500000,0x00000007d7600000)
  from space 5120K, 99% used [0x00000007d7b00000,0x00000007d7ff9910,0x00000007d8000000)
  to   space 5120K, 0% used [0x00000007d7600000,0x00000007d7600000,0x00000007d7b00000)
 ParOldGen       total 87040K, used 41435K [0x0000000780000000, 0x0000000785500000, 0x00000007d5500000)
  object space 87040K, 47% used [0x0000000780000000,0x0000000782876d90,0x0000000785500000)
 PSPermGen       total 21504K, used 15138K [0x000000077ae00000, 0x000000077c300000, 0x0000000780000000)
  object space 21504K, 70% used [0x000000077ae00000,0x000000077bcc8830,0x000000077c300000)
}
Event: 16.814 GC heap before
{Heap before GC invocations=3 (full 0):
 PSYoungGen      total 38912K, used 38822K [0x00000007d5500000, 0x00000007d8000000, 0x0000000800000000)
  eden space 33792K, 99% used [0x00000007d5500000,0x00000007d75f0258,0x00000007d7600000)
  from space 5120K, 99% used [0x00000007d7b00000,0x00000007d7ff9910,0x00000007d8000000)
  to   space 5120K, 0% used [0x00000007d7600000,0x00000007d7600000,0x00000007d7b00000)
 ParOldGen       total 87040K, used 80427K [0x0000000780000000, 0x0000000785500000, 0x00000007d5500000)
  object space 87040K, 92% used [0x0000000780000000,0x0000000784e8afa0,0x0000000785500000)
 PSPermGen       total 21504K, used 15171K [0x000000077ae00000, 0x000000077c300000, 0x0000000780000000)
  object space 21504K, 70% used [0x000000077ae00000,0x000000077bcd0f20,0x000000077c300000)
Event: 16.820 GC heap after
Heap after GC invocations=3 (full 0):
 PSYoungGen      total 38912K, used 5114K [0x00000007d5500000, 0x00000007d8000000, 0x0000000800000000)
  eden space 33792K, 0% used [0x00000007d5500000,0x00000007d5500000,0x00000007d7600000)
  from space 5120K, 99% used [0x00000007d7600000,0x00000007d7afe908,0x00000007d7b00000)
  to   space 5120K, 0% used [0x00000007d7b00000,0x00000007d7b00000,0x00000007d8000000)
 ParOldGen       total 87040K, used 82315K [0x0000000780000000, 0x0000000785500000, 0x00000007d5500000)
  object space 87040K, 94% used [0x0000000780000000,0x0000000785062f38,0x0000000785500000)
 PSPermGen       total 21504K, used 15171K [0x000000077ae00000, 0x000000077c300000, 0x0000000780000000)
  object space 21504K, 70% used [0x000000077ae00000,0x000000077bcd0f20,0x000000077c300000)
}
Event: 16.820 GC heap before
{Heap before GC invocations=4 (full 1):
 PSYoungGen      total 38912K, used 5114K [0x00000007d5500000, 0x00000007d8000000, 0x0000000800000000)
  eden space 33792K, 0% used [0x00000007d5500000,0x00000007d5500000,0x00000007d7600000)
  from space 5120K, 99% used [0x00000007d7600000,0x00000007d7afe908,0x00000007d7b00000)
  to   space 5120K, 0% used [0x00000007d7b00000,0x00000007d7b00000,0x00000007d8000000)
 ParOldGen       total 87040K, used 82315K [0x0000000780000000, 0x0000000785500000, 0x00000007d5500000)
  object space 87040K, 94% used [0x0000000780000000,0x0000000785062f38,0x0000000785500000)
 PSPermGen       total 21504K, used 15171K [0x000000077ae00000, 0x000000077c300000, 0x0000000780000000)
  object space 21504K, 70% used [0x000000077ae00000,0x000000077bcd0f20,0x000000077c300000)
Event: 16.886 GC heap after
Heap after GC invocations=4 (full 1):
 PSYoungGen      total 38912K, used 0K [0x00000007d5500000, 0x00000007d8000000, 0x0000000800000000)
  eden space 33792K, 0% used [0x00000007d5500000,0x00000007d5500000,0x00000007d7600000)
  from space 5120K, 0% used [0x00000007d7600000,0x00000007d7600000,0x00000007d7b00000)
  to   space 5120K, 0% used [0x00000007d7b00000,0x00000007d7b00000,0x00000007d8000000)
 ParOldGen       total 126464K, used 85569K [0x0000000780000000, 0x0000000787b80000, 0x00000007d5500000)
  object space 126464K, 67% used [0x0000000780000000,0x0000000785390458,0x0000000787b80000)
 PSPermGen       total 30720K, used 15167K [0x000000077ae00000, 0x000000077cc00000, 0x0000000780000000)
  object space 30720K, 49% used [0x000000077ae00000,0x000000077bccfc60,0x000000077cc00000)
}

