# JRE version: Java(TM) SE Runtime Environment (7.0_51-b13) (build 1.7.0_51-b13)
# Java VM: Java HotSpot(TM) 64-Bit Server VM (24.51-b03 mixed mode bsd-amd64 compressed oops)
Heap
 PSYoungGen      total 82944K, used 37509K [0x00000007d5500000, 0x00000007dd000000, 0x0000000800000000)
  eden space 49664K, 17% used [0x00000007d5500000,0x00000007d5da1240,0x00000007d8580000)
  from space 33280K, 86% used [0x00000007da900000,0x00000007dc500418,0x00000007dc980000)
  to   space 36352K, 0% used [0x00000007d8580000,0x00000007d8580000,0x00000007da900000)
 ParOldGen       total 153600K, used 73964K [0x0000000780000000, 0x0000000789600000, 0x00000007d5500000)
  object space 153600K, 48% used [0x0000000780000000,0x000000078483b298,0x0000000789600000)
 PSPermGen       total 29696K, used 14741K [0x000000077ae00000, 0x000000077cb00000, 0x0000000780000000)
  object space 29696K, 49% used [0x000000077ae00000,0x000000077bc65760,0x000000077cb00000)
GC Heap History (10 events):
Event: 77.031 GC heap before
{Heap before GC invocations=13 (full 1):
 PSYoungGen      total 70144K, used 64002K [0x00000007d5500000, 0x00000007db480000, 0x0000000800000000)
  eden space 47616K, 100% used [0x00000007d5500000,0x00000007d8380000,0x00000007d8380000)
  from space 22528K, 72% used [0x00000007d8380000,0x00000007d9380868,0x00000007d9980000)
  to   space 23552K, 0% used [0x00000007d9d80000,0x00000007d9d80000,0x00000007db480000)
 ParOldGen       total 153600K, used 73964K [0x0000000780000000, 0x0000000789600000, 0x00000007d5500000)
  object space 153600K, 48% used [0x0000000780000000,0x000000078483b298,0x0000000789600000)
 PSPermGen       total 29696K, used 14731K [0x000000077ae00000, 0x000000077cb00000, 0x0000000780000000)
  object space 29696K, 49% used [0x000000077ae00000,0x000000077bc62e68,0x000000077cb00000)
Event: 77.040 GC heap after
Heap after GC invocations=13 (full 1):
 PSYoungGen      total 72192K, used 18810K [0x00000007d5500000, 0x00000007db880000, 0x0000000800000000)
  eden space 48640K, 0% used [0x00000007d5500000,0x00000007d5500000,0x00000007d8480000)
  from space 23552K, 79% used [0x00000007d9d80000,0x00000007dafdebd8,0x00000007db480000)
  to   space 25600K, 0% used [0x00000007d8480000,0x00000007d8480000,0x00000007d9d80000)
 ParOldGen       total 153600K, used 73964K [0x0000000780000000, 0x0000000789600000, 0x00000007d5500000)
  object space 153600K, 48% used [0x0000000780000000,0x000000078483b298,0x0000000789600000)
 PSPermGen       total 29696K, used 14731K [0x000000077ae00000, 0x000000077cb00000, 0x0000000780000000)
  object space 29696K, 49% used [0x000000077ae00000,0x000000077bc62e68,0x000000077cb00000)
}
Event: 85.770 GC heap before
{Heap before GC invocations=14 (full 1):
 PSYoungGen      total 72192K, used 67450K [0x00000007d5500000, 0x00000007db880000, 0x0000000800000000)
  eden space 48640K, 100% used [0x00000007d5500000,0x00000007d8480000,0x00000007d8480000)
  from space 23552K, 79% used [0x00000007d9d80000,0x00000007dafdebd8,0x00000007db480000)
  to   space 25600K, 0% used [0x00000007d8480000,0x00000007d8480000,0x00000007d9d80000)
 ParOldGen       total 153600K, used 73964K [0x0000000780000000, 0x0000000789600000, 0x00000007d5500000)
  object space 153600K, 48% used [0x0000000780000000,0x000000078483b298,0x0000000789600000)
 PSPermGen       total 29696K, used 14734K [0x000000077ae00000, 0x000000077cb00000, 0x0000000780000000)
  object space 29696K, 49% used [0x000000077ae00000,0x000000077bc63a70,0x000000077cb00000)
Event: 85.785 GC heap after
Heap after GC invocations=14 (full 1):
 PSYoungGen      total 74240K, used 21274K [0x00000007d5500000, 0x00000007dbe00000, 0x0000000800000000)
  eden space 48640K, 0% used [0x00000007d5500000,0x00000007d5500000,0x00000007d8480000)
  from space 25600K, 83% used [0x00000007d8480000,0x00000007d9946bd8,0x00000007d9d80000)
  to   space 27648K, 0% used [0x00000007da300000,0x00000007da300000,0x00000007dbe00000)
 ParOldGen       total 153600K, used 73964K [0x0000000780000000, 0x0000000789600000, 0x00000007d5500000)
  object space 153600K, 48% used [0x0000000780000000,0x000000078483b298,0x0000000789600000)
 PSPermGen       total 29696K, used 14734K [0x000000077ae00000, 0x000000077cb00000, 0x0000000780000000)
  object space 29696K, 49% used [0x000000077ae00000,0x000000077bc63a70,0x000000077cb00000)
}
Event: 94.529 GC heap before
{Heap before GC invocations=15 (full 1):
 PSYoungGen      total 74240K, used 69914K [0x00000007d5500000, 0x00000007dbe00000, 0x0000000800000000)
  eden space 48640K, 100% used [0x00000007d5500000,0x00000007d8480000,0x00000007d8480000)
  from space 25600K, 83% used [0x00000007d8480000,0x00000007d9946bd8,0x00000007d9d80000)
  to   space 27648K, 0% used [0x00000007da300000,0x00000007da300000,0x00000007dbe00000)
 ParOldGen       total 153600K, used 73964K [0x0000000780000000, 0x0000000789600000, 0x00000007d5500000)
  object space 153600K, 48% used [0x0000000780000000,0x000000078483b298,0x0000000789600000)
 PSPermGen       total 29696K, used 14734K [0x000000077ae00000, 0x000000077cb00000, 0x0000000780000000)
  object space 29696K, 49% used [0x000000077ae00000,0x000000077bc63b40,0x000000077cb00000)
Event: 94.541 GC heap after
Heap after GC invocations=15 (full 1):
 PSYoungGen      total 77312K, used 23674K [0x00000007d5500000, 0x00000007dc300000, 0x0000000800000000)
  eden space 49664K, 0% used [0x00000007d5500000,0x00000007d5500000,0x00000007d8580000)
  from space 27648K, 85% used [0x00000007da300000,0x00000007dba1ebd8,0x00000007dbe00000)
  to   space 30208K, 0% used [0x00000007d8580000,0x00000007d8580000,0x00000007da300000)
 ParOldGen       total 153600K, used 73964K [0x0000000780000000, 0x0000000789600000, 0x00000007d5500000)
  object space 153600K, 48% used [0x0000000780000000,0x000000078483b298,0x0000000789600000)
 PSPermGen       total 29696K, used 14734K [0x000000077ae00000, 0x000000077cb00000, 0x0000000780000000)
  object space 29696K, 49% used [0x000000077ae00000,0x000000077bc63b40,0x000000077cb00000)
}
Event: 103.502 GC heap before
{Heap before GC invocations=16 (full 1):
 PSYoungGen      total 77312K, used 73338K [0x00000007d5500000, 0x00000007dc300000, 0x0000000800000000)
  eden space 49664K, 100% used [0x00000007d5500000,0x00000007d8580000,0x00000007d8580000)
  from space 27648K, 85% used [0x00000007da300000,0x00000007dba1ebd8,0x00000007dbe00000)
  to   space 30208K, 0% used [0x00000007d8580000,0x00000007d8580000,0x00000007da300000)
 ParOldGen       total 153600K, used 73964K [0x0000000780000000, 0x0000000789600000, 0x00000007d5500000)
  object space 153600K, 48% used [0x0000000780000000,0x000000078483b298,0x0000000789600000)
 PSPermGen       total 29696K, used 14735K [0x000000077ae00000, 0x000000077cb00000, 0x0000000780000000)
  object space 29696K, 49% used [0x000000077ae00000,0x000000077bc63c40,0x000000077cb00000)
Event: 103.512 GC heap after
Heap after GC invocations=16 (full 1):
 PSYoungGen      total 79872K, used 26138K [0x00000007d5500000, 0x00000007dc980000, 0x0000000800000000)
  eden space 49664K, 0% used [0x00000007d5500000,0x00000007d5500000,0x00000007d8580000)
  from space 30208K, 86% used [0x00000007d8580000,0x00000007d9f06bd8,0x00000007da300000)
  to   space 33280K, 0% used [0x00000007da900000,0x00000007da900000,0x00000007dc980000)
 ParOldGen       total 153600K, used 73964K [0x0000000780000000, 0x0000000789600000, 0x00000007d5500000)
  object space 153600K, 48% used [0x0000000780000000,0x000000078483b298,0x0000000789600000)
 PSPermGen       total 29696K, used 14735K [0x000000077ae00000, 0x000000077cb00000, 0x0000000780000000)
  object space 29696K, 49% used [0x000000077ae00000,0x000000077bc63c40,0x000000077cb00000)
}
Event: 112.393 GC heap before
{Heap before GC invocations=17 (full 1):
 PSYoungGen      total 79872K, used 75802K [0x00000007d5500000, 0x00000007dc980000, 0x0000000800000000)
  eden space 49664K, 100% used [0x00000007d5500000,0x00000007d8580000,0x00000007d8580000)
  from space 30208K, 86% used [0x00000007d8580000,0x00000007d9f06bd8,0x00000007da300000)
  to   space 33280K, 0% used [0x00000007da900000,0x00000007da900000,0x00000007dc980000)
 ParOldGen       total 153600K, used 73964K [0x0000000780000000, 0x0000000789600000, 0x00000007d5500000)
  object space 153600K, 48% used [0x0000000780000000,0x000000078483b298,0x0000000789600000)
 PSPermGen       total 29696K, used 14735K [0x000000077ae00000, 0x000000077cb00000, 0x0000000780000000)
  object space 29696K, 49% used [0x000000077ae00000,0x000000077bc63c40,0x000000077cb00000)
Event: 112.407 GC heap after
Heap after GC invocations=17 (full 1):
 PSYoungGen      total 82944K, used 28673K [0x00000007d5500000, 0x00000007dd000000, 0x0000000800000000)
  eden space 49664K, 0% used [0x00000007d5500000,0x00000007d5500000,0x00000007d8580000)
  from space 33280K, 86% used [0x00000007da900000,0x00000007dc500418,0x00000007dc980000)
  to   space 36352K, 0% used [0x00000007d8580000,0x00000007d8580000,0x00000007da900000)
 ParOldGen       total 153600K, used 73964K [0x0000000780000000, 0x0000000789600000, 0x00000007d5500000)
  object space 153600K, 48% used [0x0000000780000000,0x000000078483b298,0x0000000789600000)
 PSPermGen       total 29696K, used 14735K [0x000000077ae00000, 0x000000077cb00000, 0x0000000780000000)
  object space 29696K, 49% used [0x000000077ae00000,0x000000077bc63c40,0x000000077cb00000)
}

