# JRE version: Java(TM) SE Runtime Environment (7.0_51-b13) (build 1.7.0_51-b13)
# Java VM: Java HotSpot(TM) 64-Bit Server VM (24.51-b03 mixed mode bsd-amd64 compressed oops)
Heap
 PSYoungGen      total 112640K, used 98340K [0x000000016e800000, 0x0000000178600000, 0x0000000199300000)
  eden space 63488K, 87% used [0x000000016e800000,0x0000000171e31328,0x0000000172600000)
  from space 49152K, 87% used [0x0000000175600000,0x0000000177fd8000,0x0000000178600000)
  to   space 49152K, 0% used [0x0000000172600000,0x0000000172600000,0x0000000175600000)
 ParOldGen       total 291328K, used 259504K [0x0000000119300000, 0x000000012af80000, 0x000000016e800000)
  object space 291328K, 89% used [0x0000000119300000,0x000000012906c380,0x000000012af80000)
 PSPermGen       total 33280K, used 14724K [0x0000000114100000, 0x0000000116180000, 0x0000000119300000)
  object space 33280K, 44% used [0x0000000114100000,0x0000000114f61178,0x0000000116180000)
GC Heap History (10 events):
Event: 780.678 GC heap before
{Heap before GC invocations=106 (full 2):
 PSYoungGen      total 109056K, used 102988K [0x000000016e800000, 0x0000000178200000, 0x0000000199300000)
  eden space 61440K, 99% used [0x000000016e800000,0x00000001723f31d8,0x0000000172400000)
  from space 47616K, 87% used [0x0000000172400000,0x0000000174ca0010,0x0000000175280000)
  to   space 47616K, 0% used [0x0000000175380000,0x0000000175380000,0x0000000178200000)
 ParOldGen       total 291328K, used 245864K [0x0000000119300000, 0x000000012af80000, 0x000000016e800000)
  object space 291328K, 84% used [0x0000000119300000,0x000000012831a370,0x000000012af80000)
 PSPermGen       total 33280K, used 14722K [0x0000000114100000, 0x0000000116180000, 0x0000000119300000)
  object space 33280K, 44% used [0x0000000114100000,0x0000000114f60a48,0x0000000116180000)
Event: 780.698 GC heap after
Heap after GC invocations=106 (full 2):
 PSYoungGen      total 109568K, used 41984K [0x000000016e800000, 0x0000000178300000, 0x0000000199300000)
  eden space 61952K, 0% used [0x000000016e800000,0x000000016e800000,0x0000000172480000)
  from space 47616K, 88% used [0x0000000175380000,0x0000000177c80010,0x0000000178200000)
  to   space 48128K, 0% used [0x0000000172480000,0x0000000172480000,0x0000000175380000)
 ParOldGen       total 291328K, used 248456K [0x0000000119300000, 0x000000012af80000, 0x000000016e800000)
  object space 291328K, 85% used [0x0000000119300000,0x00000001285a2370,0x000000012af80000)
 PSPermGen       total 33280K, used 14722K [0x0000000114100000, 0x0000000116180000, 0x0000000119300000)
  object space 33280K, 44% used [0x0000000114100000,0x0000000114f60a48,0x0000000116180000)
}
Event: 791.095 GC heap before
{Heap before GC invocations=107 (full 2):
 PSYoungGen      total 109568K, used 103936K [0x000000016e800000, 0x0000000178300000, 0x0000000199300000)
  eden space 61952K, 100% used [0x000000016e800000,0x0000000172480000,0x0000000172480000)
  from space 47616K, 88% used [0x0000000175380000,0x0000000177c80010,0x0000000178200000)
  to   space 48128K, 0% used [0x0000000172480000,0x0000000172480000,0x0000000175380000)
 ParOldGen       total 291328K, used 248456K [0x0000000119300000, 0x000000012af80000, 0x000000016e800000)
  object space 291328K, 85% used [0x0000000119300000,0x00000001285a2370,0x000000012af80000)
 PSPermGen       total 33280K, used 14722K [0x0000000114100000, 0x0000000116180000, 0x0000000119300000)
  object space 33280K, 44% used [0x0000000114100000,0x0000000114f60a48,0x0000000116180000)
Event: 791.118 GC heap after
Heap after GC invocations=107 (full 2):
 PSYoungGen      total 110080K, used 42446K [0x000000016e800000, 0x0000000178380000, 0x0000000199300000)
  eden space 61952K, 0% used [0x000000016e800000,0x000000016e800000,0x0000000172480000)
  from space 48128K, 88% used [0x0000000172480000,0x0000000174df38a0,0x0000000175380000)
  to   space 48128K, 0% used [0x0000000175480000,0x0000000175480000,0x0000000178380000)
 ParOldGen       total 291328K, used 251024K [0x0000000119300000, 0x000000012af80000, 0x000000016e800000)
  object space 291328K, 86% used [0x0000000119300000,0x0000000128824370,0x000000012af80000)
 PSPermGen       total 33280K, used 14722K [0x0000000114100000, 0x0000000116180000, 0x0000000119300000)
  object space 33280K, 44% used [0x0000000114100000,0x0000000114f60a48,0x0000000116180000)
}
Event: 801.529 GC heap before
{Heap before GC invocations=108 (full 2):
 PSYoungGen      total 110080K, used 104398K [0x000000016e800000, 0x0000000178380000, 0x0000000199300000)
  eden space 61952K, 100% used [0x000000016e800000,0x0000000172480000,0x0000000172480000)
  from space 48128K, 88% used [0x0000000172480000,0x0000000174df38a0,0x0000000175380000)
  to   space 48128K, 0% used [0x0000000175480000,0x0000000175480000,0x0000000178380000)
 ParOldGen       total 291328K, used 251024K [0x0000000119300000, 0x000000012af80000, 0x000000016e800000)
  object space 291328K, 86% used [0x0000000119300000,0x0000000128824370,0x000000012af80000)
 PSPermGen       total 33280K, used 14722K [0x0000000114100000, 0x0000000116180000, 0x0000000119300000)
  object space 33280K, 44% used [0x0000000114100000,0x0000000114f60a48,0x0000000116180000)
Event: 801.548 GC heap after
Heap after GC invocations=108 (full 2):
 PSYoungGen      total 110592K, used 42688K [0x000000016e800000, 0x0000000178480000, 0x0000000199300000)
  eden space 62464K, 0% used [0x000000016e800000,0x000000016e800000,0x0000000172500000)
  from space 48128K, 88% used [0x0000000175480000,0x0000000177e30010,0x0000000178380000)
  to   space 48640K, 0% used [0x0000000172500000,0x0000000172500000,0x0000000175480000)
 ParOldGen       total 291328K, used 253672K [0x0000000119300000, 0x000000012af80000, 0x000000016e800000)
  object space 291328K, 87% used [0x0000000119300000,0x0000000128aba370,0x000000012af80000)
 PSPermGen       total 33280K, used 14722K [0x0000000114100000, 0x0000000116180000, 0x0000000119300000)
  object space 33280K, 44% used [0x0000000114100000,0x0000000114f60a48,0x0000000116180000)
}
Event: 812.061 GC heap before
{Heap before GC invocations=109 (full 2):
 PSYoungGen      total 110592K, used 105152K [0x000000016e800000, 0x0000000178480000, 0x0000000199300000)
  eden space 62464K, 100% used [0x000000016e800000,0x0000000172500000,0x0000000172500000)
  from space 48128K, 88% used [0x0000000175480000,0x0000000177e30010,0x0000000178380000)
  to   space 48640K, 0% used [0x0000000172500000,0x0000000172500000,0x0000000175480000)
 ParOldGen       total 291328K, used 253672K [0x0000000119300000, 0x000000012af80000, 0x000000016e800000)
  object space 291328K, 87% used [0x0000000119300000,0x0000000128aba370,0x000000012af80000)
 PSPermGen       total 33280K, used 14722K [0x0000000114100000, 0x0000000116180000, 0x0000000119300000)
  object space 33280K, 44% used [0x0000000114100000,0x0000000114f60a48,0x0000000116180000)
Event: 812.084 GC heap after
Heap after GC invocations=109 (full 2):
 PSYoungGen      total 111104K, used 43072K [0x000000016e800000, 0x0000000178600000, 0x0000000199300000)
  eden space 62464K, 0% used [0x000000016e800000,0x000000016e800000,0x0000000172500000)
  from space 48640K, 88% used [0x0000000172500000,0x0000000174f10010,0x0000000175480000)
  to   space 49152K, 0% used [0x0000000175600000,0x0000000175600000,0x0000000178600000)
 ParOldGen       total 291328K, used 256312K [0x0000000119300000, 0x000000012af80000, 0x000000016e800000)
  object space 291328K, 87% used [0x0000000119300000,0x0000000128d4e370,0x000000012af80000)
 PSPermGen       total 33280K, used 14722K [0x0000000114100000, 0x0000000116180000, 0x0000000119300000)
  object space 33280K, 44% used [0x0000000114100000,0x0000000114f60a48,0x0000000116180000)
}
Event: 822.677 GC heap before
{Heap before GC invocations=110 (full 2):
 PSYoungGen      total 111104K, used 105536K [0x000000016e800000, 0x0000000178600000, 0x0000000199300000)
  eden space 62464K, 100% used [0x000000016e800000,0x0000000172500000,0x0000000172500000)
  from space 48640K, 88% used [0x0000000172500000,0x0000000174f10010,0x0000000175480000)
  to   space 49152K, 0% used [0x0000000175600000,0x0000000175600000,0x0000000178600000)
 ParOldGen       total 291328K, used 256312K [0x0000000119300000, 0x000000012af80000, 0x000000016e800000)
  object space 291328K, 87% used [0x0000000119300000,0x0000000128d4e370,0x000000012af80000)
 PSPermGen       total 33280K, used 14722K [0x0000000114100000, 0x0000000116180000, 0x0000000119300000)
  object space 33280K, 44% used [0x0000000114100000,0x0000000114f60a48,0x0000000116180000)
Event: 822.695 GC heap after
Heap after GC invocations=110 (full 2):
 PSYoungGen      total 112640K, used 42848K [0x000000016e800000, 0x0000000178600000, 0x0000000199300000)
  eden space 63488K, 0% used [0x000000016e800000,0x000000016e800000,0x0000000172600000)
  from space 49152K, 87% used [0x0000000175600000,0x0000000177fd8000,0x0000000178600000)
  to   space 49152K, 0% used [0x0000000172600000,0x0000000172600000,0x0000000175600000)
 ParOldGen       total 291328K, used 259504K [0x0000000119300000, 0x000000012af80000, 0x000000016e800000)
  object space 291328K, 89% used [0x0000000119300000,0x000000012906c380,0x000000012af80000)
 PSPermGen       total 33280K, used 14722K [0x0000000114100000, 0x0000000116180000, 0x0000000119300000)
  object space 33280K, 44% used [0x0000000114100000,0x0000000114f60a48,0x0000000116180000)
}

