# JRE version: Java(TM) SE Runtime Environment (7.0_51-b13) (build 1.7.0_51-b13)
# Java VM: Java HotSpot(TM) 64-Bit Server VM (24.51-b03 mixed mode bsd-amd64 compressed oops)
Heap
 PSYoungGen      total 61952K, used 23894K [0x00000007d5500000, 0x00000007dae80000, 0x0000000800000000)
  eden space 38400K, 48% used [0x00000007d5500000,0x00000007d6755fe8,0x00000007d7a80000)
  from space 23552K, 21% used [0x00000007d9780000,0x00000007d9c7faf0,0x00000007dae80000)
  to   space 26624K, 0% used [0x00000007d7a80000,0x00000007d7a80000,0x00000007d9480000)
 ParOldGen       total 154624K, used 73877K [0x0000000780000000, 0x0000000789700000, 0x00000007d5500000)
  object space 154624K, 47% used [0x0000000780000000,0x0000000784825550,0x0000000789700000)
 PSPermGen       total 29696K, used 14683K [0x000000077ae00000, 0x000000077cb00000, 0x0000000780000000)
  object space 29696K, 49% used [0x000000077ae00000,0x000000077bc56f98,0x000000077cb00000)
GC Heap History (10 events):
Event: 12.871 GC heap before
{Heap before GC invocations=3 (full 0):
 PSYoungGen      total 38912K, used 38911K [0x00000007d5500000, 0x00000007d8000000, 0x0000000800000000)
  eden space 33792K, 100% used [0x00000007d5500000,0x00000007d7600000,0x00000007d7600000)
  from space 5120K, 99% used [0x00000007d7b00000,0x00000007d7fffe40,0x00000007d8000000)
  to   space 5120K, 0% used [0x00000007d7600000,0x00000007d7600000,0x00000007d7b00000)
 ParOldGen       total 87040K, used 68938K [0x0000000780000000, 0x0000000785500000, 0x00000007d5500000)
  object space 87040K, 79% used [0x0000000780000000,0x0000000784352b70,0x0000000785500000)
 PSPermGen       total 21504K, used 14615K [0x000000077ae00000, 0x000000077c300000, 0x0000000780000000)
  object space 21504K, 67% used [0x000000077ae00000,0x000000077bc45c48,0x000000077c300000)
Event: 12.877 GC heap after
Heap after GC invocations=3 (full 0):
 PSYoungGen      total 38912K, used 5103K [0x00000007d5500000, 0x00000007d8000000, 0x0000000800000000)
  eden space 33792K, 0% used [0x00000007d5500000,0x00000007d5500000,0x00000007d7600000)
  from space 5120K, 99% used [0x00000007d7600000,0x00000007d7afbdb0,0x00000007d7b00000)
  to   space 5120K, 0% used [0x00000007d7b00000,0x00000007d7b00000,0x00000007d8000000)
 ParOldGen       total 87040K, used 70902K [0x0000000780000000, 0x0000000785500000, 0x00000007d5500000)
  object space 87040K, 81% used [0x0000000780000000,0x000000078453d978,0x0000000785500000)
 PSPermGen       total 21504K, used 14615K [0x000000077ae00000, 0x000000077c300000, 0x0000000780000000)
  object space 21504K, 67% used [0x000000077ae00000,0x000000077bc45c48,0x000000077c300000)
}
Event: 12.877 GC heap before
{Heap before GC invocations=4 (full 1):
 PSYoungGen      total 38912K, used 5103K [0x00000007d5500000, 0x00000007d8000000, 0x0000000800000000)
  eden space 33792K, 0% used [0x00000007d5500000,0x00000007d5500000,0x00000007d7600000)
  from space 5120K, 99% used [0x00000007d7600000,0x00000007d7afbdb0,0x00000007d7b00000)
  to   space 5120K, 0% used [0x00000007d7b00000,0x00000007d7b00000,0x00000007d8000000)
 ParOldGen       total 87040K, used 70902K [0x0000000780000000, 0x0000000785500000, 0x00000007d5500000)
  object space 87040K, 81% used [0x0000000780000000,0x000000078453d978,0x0000000785500000)
 PSPermGen       total 21504K, used 14615K [0x000000077ae00000, 0x000000077c300000, 0x0000000780000000)
  object space 21504K, 67% used [0x000000077ae00000,0x000000077bc45c48,0x000000077c300000)
Event: 13.007 GC heap after
Heap after GC invocations=4 (full 1):
 PSYoungGen      total 38912K, used 0K [0x00000007d5500000, 0x00000007d8000000, 0x0000000800000000)
  eden space 33792K, 0% used [0x00000007d5500000,0x00000007d5500000,0x00000007d7600000)
  from space 5120K, 0% used [0x00000007d7600000,0x00000007d7600000,0x00000007d7b00000)
  to   space 5120K, 0% used [0x00000007d7b00000,0x00000007d7b00000,0x00000007d8000000)
 ParOldGen       total 154624K, used 73877K [0x0000000780000000, 0x0000000789700000, 0x00000007d5500000)
  object space 154624K, 47% used [0x0000000780000000,0x0000000784825550,0x0000000789700000)
 PSPermGen       total 29696K, used 14610K [0x000000077ae00000, 0x000000077cb00000, 0x0000000780000000)
  object space 29696K, 49% used [0x000000077ae00000,0x000000077bc44aa8,0x000000077cb00000)
}
Event: 18.575 GC heap before
{Heap before GC invocations=5 (full 1):
 PSYoungGen      total 38912K, used 33792K [0x00000007d5500000, 0x00000007d8000000, 0x0000000800000000)
  eden space 33792K, 100% used [0x00000007d5500000,0x00000007d7600000,0x00000007d7600000)
  from space 5120K, 0% used [0x00000007d7600000,0x00000007d7600000,0x00000007d7b00000)
  to   space 5120K, 0% used [0x00000007d7b00000,0x00000007d7b00000,0x00000007d8000000)
 ParOldGen       total 154624K, used 73877K [0x0000000780000000, 0x0000000789700000, 0x00000007d5500000)
  object space 154624K, 47% used [0x0000000780000000,0x0000000784825550,0x0000000789700000)
 PSPermGen       total 29696K, used 14626K [0x000000077ae00000, 0x000000077cb00000, 0x0000000780000000)
  object space 29696K, 49% used [0x000000077ae00000,0x000000077bc48910,0x000000077cb00000)
Event: 18.577 GC heap after
Heap after GC invocations=5 (full 1):
 PSYoungGen      total 38912K, used 2030K [0x00000007d5500000, 0x00000007d8700000, 0x0000000800000000)
  eden space 33792K, 0% used [0x00000007d5500000,0x00000007d5500000,0x00000007d7600000)
  from space 5120K, 39% used [0x00000007d7b00000,0x00000007d7cfb890,0x00000007d8000000)
  to   space 5120K, 0% used [0x00000007d7600000,0x00000007d7600000,0x00000007d7b00000)
 ParOldGen       total 154624K, used 73877K [0x0000000780000000, 0x0000000789700000, 0x00000007d5500000)
  object space 154624K, 47% used [0x0000000780000000,0x0000000784825550,0x0000000789700000)
 PSPermGen       total 29696K, used 14626K [0x000000077ae00000, 0x000000077cb00000, 0x0000000780000000)
  object space 29696K, 49% used [0x000000077ae00000,0x000000077bc48910,0x000000077cb00000)
}
Event: 24.331 GC heap before
{Heap before GC invocations=6 (full 1):
 PSYoungGen      total 38912K, used 35822K [0x00000007d5500000, 0x00000007d8700000, 0x0000000800000000)
  eden space 33792K, 100% used [0x00000007d5500000,0x00000007d7600000,0x00000007d7600000)
  from space 5120K, 39% used [0x00000007d7b00000,0x00000007d7cfb890,0x00000007d8000000)
  to   space 5120K, 0% used [0x00000007d7600000,0x00000007d7600000,0x00000007d7b00000)
 ParOldGen       total 154624K, used 73877K [0x0000000780000000, 0x0000000789700000, 0x00000007d5500000)
  object space 154624K, 47% used [0x0000000780000000,0x0000000784825550,0x0000000789700000)
 PSPermGen       total 29696K, used 14634K [0x000000077ae00000, 0x000000077cb00000, 0x0000000780000000)
  object space 29696K, 49% used [0x000000077ae00000,0x000000077bc4aba0,0x000000077cb00000)
Event: 24.335 GC heap after
Heap after GC invocations=6 (full 1):
 PSYoungGen      total 38912K, used 3662K [0x00000007d5500000, 0x00000007db300000, 0x0000000800000000)
  eden space 33792K, 0% used [0x00000007d5500000,0x00000007d5500000,0x00000007d7600000)
  from space 5120K, 71% used [0x00000007d7600000,0x00000007d7993890,0x00000007d7b00000)
  to   space 28160K, 0% used [0x00000007d9780000,0x00000007d9780000,0x00000007db300000)
 ParOldGen       total 154624K, used 73877K [0x0000000780000000, 0x0000000789700000, 0x00000007d5500000)
  object space 154624K, 47% used [0x0000000780000000,0x0000000784825550,0x0000000789700000)
 PSPermGen       total 29696K, used 14634K [0x000000077ae00000, 0x000000077cb00000, 0x0000000780000000)
  object space 29696K, 49% used [0x000000077ae00000,0x000000077bc4aba0,0x000000077cb00000)
}
Event: 65.351 GC heap before
{Heap before GC invocations=7 (full 1):
 PSYoungGen      total 38912K, used 37454K [0x00000007d5500000, 0x00000007db300000, 0x0000000800000000)
  eden space 33792K, 100% used [0x00000007d5500000,0x00000007d7600000,0x00000007d7600000)
  from space 5120K, 71% used [0x00000007d7600000,0x00000007d7993890,0x00000007d7b00000)
  to   space 28160K, 0% used [0x00000007d9780000,0x00000007d9780000,0x00000007db300000)
 ParOldGen       total 154624K, used 73877K [0x0000000780000000, 0x0000000789700000, 0x00000007d5500000)
  object space 154624K, 47% used [0x0000000780000000,0x0000000784825550,0x0000000789700000)
 PSPermGen       total 29696K, used 14680K [0x000000077ae00000, 0x000000077cb00000, 0x0000000780000000)
  object space 29696K, 49% used [0x000000077ae00000,0x000000077bc562e8,0x000000077cb00000)
Event: 65.357 GC heap after
Heap after GC invocations=7 (full 1):
 PSYoungGen      total 61952K, used 5118K [0x00000007d5500000, 0x00000007dae80000, 0x0000000800000000)
  eden space 38400K, 0% used [0x00000007d5500000,0x00000007d5500000,0x00000007d7a80000)
  from space 23552K, 21% used [0x00000007d9780000,0x00000007d9c7faf0,0x00000007dae80000)
  to   space 26624K, 0% used [0x00000007d7a80000,0x00000007d7a80000,0x00000007d9480000)
 ParOldGen       total 154624K, used 73877K [0x0000000780000000, 0x0000000789700000, 0x00000007d5500000)
  object space 154624K, 47% used [0x0000000780000000,0x0000000784825550,0x0000000789700000)
 PSPermGen       total 29696K, used 14680K [0x000000077ae00000, 0x000000077cb00000, 0x0000000780000000)
  object space 29696K, 49% used [0x000000077ae00000,0x000000077bc562e8,0x000000077cb00000)
}

