# JRE version: Java(TM) SE Runtime Environment (7.0_51-b13) (build 1.7.0_51-b13)
# Java VM: Java HotSpot(TM) 64-Bit Server VM (24.51-b03 mixed mode bsd-amd64 compressed oops)
Heap
 PSYoungGen      total 61952K, used 44782K [0x00000007d5500000, 0x00000007dad80000, 0x0000000800000000)
  eden space 36864K, 66% used [0x00000007d5500000,0x00000007d6cd43c8,0x00000007d7900000)
  from space 25088K, 81% used [0x00000007d7900000,0x00000007d8ce77c0,0x00000007d9180000)
  to   space 26624K, 0% used [0x00000007d9380000,0x00000007d9380000,0x00000007dad80000)
 ParOldGen       total 155648K, used 73153K [0x0000000780000000, 0x0000000789800000, 0x00000007d5500000)
  object space 155648K, 46% used [0x0000000780000000,0x0000000784770550,0x0000000789800000)
 PSPermGen       total 29184K, used 14708K [0x000000077ae00000, 0x000000077ca80000, 0x0000000780000000)
  object space 29184K, 50% used [0x000000077ae00000,0x000000077bc5d090,0x000000077ca80000)
GC Heap History (10 events):
Event: 51.285 GC heap before
{Heap before GC invocations=10 (full 1):
 PSYoungGen      total 58880K, used 48878K [0x00000007d5500000, 0x00000007da500000, 0x0000000800000000)
  eden space 37888K, 100% used [0x00000007d5500000,0x00000007d7a00000,0x00000007d7a00000)
  from space 20992K, 52% used [0x00000007d9080000,0x00000007d9b3b890,0x00000007da500000)
  to   space 22016K, 0% used [0x00000007d7a00000,0x00000007d7a00000,0x00000007d8f80000)
 ParOldGen       total 155648K, used 73153K [0x0000000780000000, 0x0000000789800000, 0x00000007d5500000)
  object space 155648K, 46% used [0x0000000780000000,0x0000000784770550,0x0000000789800000)
 PSPermGen       total 29184K, used 14653K [0x000000077ae00000, 0x000000077ca80000, 0x0000000780000000)
  object space 29184K, 50% used [0x000000077ae00000,0x000000077bc4f7d8,0x000000077ca80000)
Event: 51.292 GC heap after
Heap after GC invocations=10 (full 1):
 PSYoungGen      total 59904K, used 12926K [0x00000007d5500000, 0x00000007da580000, 0x0000000800000000)
  eden space 37888K, 0% used [0x00000007d5500000,0x00000007d5500000,0x00000007d7a00000)
  from space 22016K, 58% used [0x00000007d7a00000,0x00000007d869faf0,0x00000007d8f80000)
  to   space 22016K, 0% used [0x00000007d9000000,0x00000007d9000000,0x00000007da580000)
 ParOldGen       total 155648K, used 73153K [0x0000000780000000, 0x0000000789800000, 0x00000007d5500000)
  object space 155648K, 46% used [0x0000000780000000,0x0000000784770550,0x0000000789800000)
 PSPermGen       total 29184K, used 14653K [0x000000077ae00000, 0x000000077ca80000, 0x0000000780000000)
  object space 29184K, 50% used [0x000000077ae00000,0x000000077bc4f7d8,0x000000077ca80000)
}
Event: 58.092 GC heap before
{Heap before GC invocations=11 (full 1):
 PSYoungGen      total 59904K, used 50801K [0x00000007d5500000, 0x00000007da580000, 0x0000000800000000)
  eden space 37888K, 99% used [0x00000007d5500000,0x00000007d79fcbf8,0x00000007d7a00000)
  from space 22016K, 58% used [0x00000007d7a00000,0x00000007d869faf0,0x00000007d8f80000)
  to   space 22016K, 0% used [0x00000007d9000000,0x00000007d9000000,0x00000007da580000)
 ParOldGen       total 155648K, used 73153K [0x0000000780000000, 0x0000000789800000, 0x00000007d5500000)
  object space 155648K, 46% used [0x0000000780000000,0x0000000784770550,0x0000000789800000)
 PSPermGen       total 29184K, used 14656K [0x000000077ae00000, 0x000000077ca80000, 0x0000000780000000)
  object space 29184K, 50% used [0x000000077ae00000,0x000000077bc502e8,0x000000077ca80000)
Event: 58.099 GC heap after
Heap after GC invocations=11 (full 1):
 PSYoungGen      total 59904K, used 14747K [0x00000007d5500000, 0x00000007da680000, 0x0000000800000000)
  eden space 37888K, 0% used [0x00000007d5500000,0x00000007d5500000,0x00000007d7a00000)
  from space 22016K, 66% used [0x00000007d9000000,0x00000007d9e66f08,0x00000007da580000)
  to   space 22528K, 0% used [0x00000007d7a00000,0x00000007d7a00000,0x00000007d9000000)
 ParOldGen       total 155648K, used 73153K [0x0000000780000000, 0x0000000789800000, 0x00000007d5500000)
  object space 155648K, 46% used [0x0000000780000000,0x0000000784770550,0x0000000789800000)
 PSPermGen       total 29184K, used 14656K [0x000000077ae00000, 0x000000077ca80000, 0x0000000780000000)
  object space 29184K, 50% used [0x000000077ae00000,0x000000077bc502e8,0x000000077ca80000)
}
Event: 64.931 GC heap before
{Heap before GC invocations=12 (full 1):
 PSYoungGen      total 59904K, used 52596K [0x00000007d5500000, 0x00000007da680000, 0x0000000800000000)
  eden space 37888K, 99% used [0x00000007d5500000,0x00000007d79f6190,0x00000007d7a00000)
  from space 22016K, 66% used [0x00000007d9000000,0x00000007d9e66f08,0x00000007da580000)
  to   space 22528K, 0% used [0x00000007d7a00000,0x00000007d7a00000,0x00000007d9000000)
 ParOldGen       total 155648K, used 73153K [0x0000000780000000, 0x0000000789800000, 0x00000007d5500000)
  object space 155648K, 46% used [0x0000000780000000,0x0000000784770550,0x0000000789800000)
 PSPermGen       total 29184K, used 14686K [0x000000077ae00000, 0x000000077ca80000, 0x0000000780000000)
  object space 29184K, 50% used [0x000000077ae00000,0x000000077bc57848,0x000000077ca80000)
Event: 64.939 GC heap after
Heap after GC invocations=12 (full 1):
 PSYoungGen      total 60416K, used 16667K [0x00000007d5500000, 0x00000007da880000, 0x0000000800000000)
  eden space 37888K, 0% used [0x00000007d5500000,0x00000007d5500000,0x00000007d7a00000)
  from space 22528K, 73% used [0x00000007d7a00000,0x00000007d8a46f08,0x00000007d9000000)
  to   space 23552K, 0% used [0x00000007d9180000,0x00000007d9180000,0x00000007da880000)
 ParOldGen       total 155648K, used 73153K [0x0000000780000000, 0x0000000789800000, 0x00000007d5500000)
  object space 155648K, 46% used [0x0000000780000000,0x0000000784770550,0x0000000789800000)
 PSPermGen       total 29184K, used 14686K [0x000000077ae00000, 0x000000077ca80000, 0x0000000780000000)
  object space 29184K, 50% used [0x000000077ae00000,0x000000077bc57848,0x000000077ca80000)
}
Event: 71.755 GC heap before
{Heap before GC invocations=13 (full 1):
 PSYoungGen      total 60416K, used 54498K [0x00000007d5500000, 0x00000007da880000, 0x0000000800000000)
  eden space 37888K, 99% used [0x00000007d5500000,0x00000007d79f1bf0,0x00000007d7a00000)
  from space 22528K, 73% used [0x00000007d7a00000,0x00000007d8a46f08,0x00000007d9000000)
  to   space 23552K, 0% used [0x00000007d9180000,0x00000007d9180000,0x00000007da880000)
 ParOldGen       total 155648K, used 73153K [0x0000000780000000, 0x0000000789800000, 0x00000007d5500000)
  object space 155648K, 46% used [0x0000000780000000,0x0000000784770550,0x0000000789800000)
 PSPermGen       total 29184K, used 14693K [0x000000077ae00000, 0x000000077ca80000, 0x0000000780000000)
  object space 29184K, 50% used [0x000000077ae00000,0x000000077bc594f8,0x000000077ca80000)
Event: 71.765 GC heap after
Heap after GC invocations=13 (full 1):
 PSYoungGen      total 60416K, used 18513K [0x00000007d5500000, 0x00000007dab80000, 0x0000000800000000)
  eden space 36864K, 0% used [0x00000007d5500000,0x00000007d5500000,0x00000007d7900000)
  from space 23552K, 78% used [0x00000007d9180000,0x00000007da394608,0x00000007da880000)
  to   space 25088K, 0% used [0x00000007d7900000,0x00000007d7900000,0x00000007d9180000)
 ParOldGen       total 155648K, used 73153K [0x0000000780000000, 0x0000000789800000, 0x00000007d5500000)
  object space 155648K, 46% used [0x0000000780000000,0x0000000784770550,0x0000000789800000)
 PSPermGen       total 29184K, used 14693K [0x000000077ae00000, 0x000000077ca80000, 0x0000000780000000)
  object space 29184K, 50% used [0x000000077ae00000,0x000000077bc594f8,0x000000077ca80000)
}
Event: 78.359 GC heap before
{Heap before GC invocations=14 (full 1):
 PSYoungGen      total 60416K, used 55303K [0x00000007d5500000, 0x00000007dab80000, 0x0000000800000000)
  eden space 36864K, 99% used [0x00000007d5500000,0x00000007d78ed990,0x00000007d7900000)
  from space 23552K, 78% used [0x00000007d9180000,0x00000007da394608,0x00000007da880000)
  to   space 25088K, 0% used [0x00000007d7900000,0x00000007d7900000,0x00000007d9180000)
 ParOldGen       total 155648K, used 73153K [0x0000000780000000, 0x0000000789800000, 0x00000007d5500000)
  object space 155648K, 46% used [0x0000000780000000,0x0000000784770550,0x0000000789800000)
 PSPermGen       total 29184K, used 14701K [0x000000077ae00000, 0x000000077ca80000, 0x0000000780000000)
  object space 29184K, 50% used [0x000000077ae00000,0x000000077bc5b590,0x000000077ca80000)
Event: 78.369 GC heap after
Heap after GC invocations=14 (full 1):
 PSYoungGen      total 61952K, used 20381K [0x00000007d5500000, 0x00000007dad80000, 0x0000000800000000)
  eden space 36864K, 0% used [0x00000007d5500000,0x00000007d5500000,0x00000007d7900000)
  from space 25088K, 81% used [0x00000007d7900000,0x00000007d8ce77c0,0x00000007d9180000)
  to   space 26624K, 0% used [0x00000007d9380000,0x00000007d9380000,0x00000007dad80000)
 ParOldGen       total 155648K, used 73153K [0x0000000780000000, 0x0000000789800000, 0x00000007d5500000)
  object space 155648K, 46% used [0x0000000780000000,0x0000000784770550,0x0000000789800000)
 PSPermGen       total 29184K, used 14701K [0x000000077ae00000, 0x000000077ca80000, 0x0000000780000000)
  object space 29184K, 50% used [0x000000077ae00000,0x000000077bc5b590,0x000000077ca80000)
}

