# JRE version: Java(TM) SE Runtime Environment (7.0_51-b13) (build 1.7.0_51-b13)
# Java VM: Java HotSpot(TM) 64-Bit Server VM (24.51-b03 mixed mode bsd-amd64 compressed oops)
Heap
 PSYoungGen      total 104448K, used 63613K [0x00000007d5500000, 0x00000007df300000, 0x0000000800000000)
  eden space 50176K, 50% used [0x00000007d5500000,0x00000007d6dcc1c8,0x00000007d8600000)
  from space 54272K, 70% used [0x00000007dbe00000,0x00000007de353518,0x00000007df300000)
  to   space 55808K, 0% used [0x00000007d8600000,0x00000007d8600000,0x00000007dbc80000)
 ParOldGen       total 171008K, used 111821K [0x0000000780000000, 0x000000078a700000, 0x00000007d5500000)
  object space 171008K, 65% used [0x0000000780000000,0x0000000786d33670,0x000000078a700000)
 PSPermGen       total 33280K, used 16728K [0x000000077ae00000, 0x000000077ce80000, 0x0000000780000000)
  object space 33280K, 50% used [0x000000077ae00000,0x000000077be560c0,0x000000077ce80000)
GC Heap History (10 events):
Event: 224.259 GC heap before
{Heap before GC invocations=29 (full 1):
 PSYoungGen      total 110080K, used 88641K [0x00000007d5500000, 0x00000007dfb00000, 0x0000000800000000)
  eden space 51712K, 100% used [0x00000007d5500000,0x00000007d8780000,0x00000007d8780000)
  from space 58368K, 63% used [0x00000007d8780000,0x00000007dab90498,0x00000007dc080000)
  to   space 58368K, 0% used [0x00000007dc200000,0x00000007dc200000,0x00000007dfb00000)
 ParOldGen       total 171008K, used 98877K [0x0000000780000000, 0x000000078a700000, 0x00000007d5500000)
  object space 171008K, 57% used [0x0000000780000000,0x000000078608f590,0x000000078a700000)
 PSPermGen       total 33280K, used 16680K [0x000000077ae00000, 0x000000077ce80000, 0x0000000780000000)
  object space 33280K, 50% used [0x000000077ae00000,0x000000077be4a0a0,0x000000077ce80000)
Event: 224.274 GC heap after
Heap after GC invocations=29 (full 1):
 PSYoungGen      total 110592K, used 36929K [0x00000007d5500000, 0x00000007dfa00000, 0x0000000800000000)
  eden space 53248K, 0% used [0x00000007d5500000,0x00000007d5500000,0x00000007d8900000)
  from space 57344K, 64% used [0x00000007dc200000,0x00000007de610498,0x00000007dfa00000)
  to   space 57856K, 0% used [0x00000007d8900000,0x00000007d8900000,0x00000007dc180000)
 ParOldGen       total 171008K, used 101517K [0x0000000780000000, 0x000000078a700000, 0x00000007d5500000)
  object space 171008K, 59% used [0x0000000780000000,0x0000000786323670,0x000000078a700000)
 PSPermGen       total 33280K, used 16680K [0x000000077ae00000, 0x000000077ce80000, 0x0000000780000000)
  object space 33280K, 50% used [0x000000077ae00000,0x000000077be4a0a0,0x000000077ce80000)
}
Event: 234.534 GC heap before
{Heap before GC invocations=30 (full 1):
 PSYoungGen      total 110592K, used 90177K [0x00000007d5500000, 0x00000007dfa00000, 0x0000000800000000)
  eden space 53248K, 100% used [0x00000007d5500000,0x00000007d8900000,0x00000007d8900000)
  from space 57344K, 64% used [0x00000007dc200000,0x00000007de610498,0x00000007dfa00000)
  to   space 57856K, 0% used [0x00000007d8900000,0x00000007d8900000,0x00000007dc180000)
 ParOldGen       total 171008K, used 101517K [0x0000000780000000, 0x000000078a700000, 0x00000007d5500000)
  object space 171008K, 59% used [0x0000000780000000,0x0000000786323670,0x000000078a700000)
 PSPermGen       total 33280K, used 16684K [0x000000077ae00000, 0x000000077ce80000, 0x0000000780000000)
  object space 33280K, 50% used [0x000000077ae00000,0x000000077be4b220,0x000000077ce80000)
Event: 234.549 GC heap after
Heap after GC invocations=30 (full 1):
 PSYoungGen      total 111104K, used 37373K [0x00000007d5500000, 0x00000007dfa80000, 0x0000000800000000)
  eden space 53248K, 0% used [0x00000007d5500000,0x00000007d5500000,0x00000007d8900000)
  from space 57856K, 64% used [0x00000007d8900000,0x00000007dad7f570,0x00000007dc180000)
  to   space 57344K, 0% used [0x00000007dc280000,0x00000007dc280000,0x00000007dfa80000)
 ParOldGen       total 171008K, used 104141K [0x0000000780000000, 0x000000078a700000, 0x00000007d5500000)
  object space 171008K, 60% used [0x0000000780000000,0x00000007865b3670,0x000000078a700000)
 PSPermGen       total 33280K, used 16684K [0x000000077ae00000, 0x000000077ce80000, 0x0000000780000000)
  object space 33280K, 50% used [0x000000077ae00000,0x000000077be4b220,0x000000077ce80000)
}
Event: 244.776 GC heap before
{Heap before GC invocations=31 (full 1):
 PSYoungGen      total 111104K, used 90621K [0x00000007d5500000, 0x00000007dfa80000, 0x0000000800000000)
  eden space 53248K, 100% used [0x00000007d5500000,0x00000007d8900000,0x00000007d8900000)
  from space 57856K, 64% used [0x00000007d8900000,0x00000007dad7f570,0x00000007dc180000)
  to   space 57344K, 0% used [0x00000007dc280000,0x00000007dc280000,0x00000007dfa80000)
 ParOldGen       total 171008K, used 104141K [0x0000000780000000, 0x000000078a700000, 0x00000007d5500000)
  object space 171008K, 60% used [0x0000000780000000,0x00000007865b3670,0x000000078a700000)
 PSPermGen       total 33280K, used 16688K [0x000000077ae00000, 0x000000077ce80000, 0x0000000780000000)
  object space 33280K, 50% used [0x000000077ae00000,0x000000077be4c0b0,0x000000077ce80000)
Event: 244.792 GC heap after
Heap after GC invocations=31 (full 1):
 PSYoungGen      total 105984K, used 37677K [0x00000007d5500000, 0x00000007df700000, 0x0000000800000000)
  eden space 52224K, 0% used [0x00000007d5500000,0x00000007d5500000,0x00000007d8800000)
  from space 53760K, 70% used [0x00000007dc280000,0x00000007de74b518,0x00000007df700000)
  to   space 56832K, 0% used [0x00000007d8800000,0x00000007d8800000,0x00000007dbf80000)
 ParOldGen       total 171008K, used 106709K [0x0000000780000000, 0x000000078a700000, 0x00000007d5500000)
  object space 171008K, 62% used [0x0000000780000000,0x0000000786835670,0x000000078a700000)
 PSPermGen       total 33280K, used 16688K [0x000000077ae00000, 0x000000077ce80000, 0x0000000780000000)
  object space 33280K, 50% used [0x000000077ae00000,0x000000077be4c0b0,0x000000077ce80000)
}
Event: 254.885 GC heap before
{Heap before GC invocations=32 (full 1):
 PSYoungGen      total 105984K, used 89901K [0x00000007d5500000, 0x00000007df700000, 0x0000000800000000)
  eden space 52224K, 100% used [0x00000007d5500000,0x00000007d8800000,0x00000007d8800000)
  from space 53760K, 70% used [0x00000007dc280000,0x00000007de74b518,0x00000007df700000)
  to   space 56832K, 0% used [0x00000007d8800000,0x00000007d8800000,0x00000007dbf80000)
 ParOldGen       total 171008K, used 106709K [0x0000000780000000, 0x000000078a700000, 0x00000007d5500000)
  object space 171008K, 62% used [0x0000000780000000,0x0000000786835670,0x000000078a700000)
 PSPermGen       total 33280K, used 16688K [0x000000077ae00000, 0x000000077ce80000, 0x0000000780000000)
  object space 33280K, 50% used [0x000000077ae00000,0x000000077be4c0b0,0x000000077ce80000)
Event: 254.900 GC heap after
Heap after GC invocations=32 (full 1):
 PSYoungGen      total 89600K, used 38013K [0x00000007d5500000, 0x00000007df500000, 0x0000000800000000)
  eden space 51200K, 0% used [0x00000007d5500000,0x00000007d5500000,0x00000007d8700000)
  from space 38400K, 98% used [0x00000007d8800000,0x00000007dad1f570,0x00000007dad80000)
  to   space 56320K, 0% used [0x00000007dbe00000,0x00000007dbe00000,0x00000007df500000)
 ParOldGen       total 171008K, used 109285K [0x0000000780000000, 0x000000078a700000, 0x00000007d5500000)
  object space 171008K, 63% used [0x0000000780000000,0x0000000786ab9670,0x000000078a700000)
 PSPermGen       total 33280K, used 16688K [0x000000077ae00000, 0x000000077ce80000, 0x0000000780000000)
  object space 33280K, 50% used [0x000000077ae00000,0x000000077be4c0b0,0x000000077ce80000)
}
Event: 264.676 GC heap before
{Heap before GC invocations=33 (full 1):
 PSYoungGen      total 89600K, used 89177K [0x00000007d5500000, 0x00000007df500000, 0x0000000800000000)
  eden space 51200K, 99% used [0x00000007d5500000,0x00000007d86f6f60,0x00000007d8700000)
  from space 38400K, 98% used [0x00000007d8800000,0x00000007dad1f570,0x00000007dad80000)
  to   space 56320K, 0% used [0x00000007dbe00000,0x00000007dbe00000,0x00000007df500000)
 ParOldGen       total 171008K, used 109285K [0x0000000780000000, 0x000000078a700000, 0x00000007d5500000)
  object space 171008K, 63% used [0x0000000780000000,0x0000000786ab9670,0x000000078a700000)
 PSPermGen       total 33280K, used 16692K [0x000000077ae00000, 0x000000077ce80000, 0x0000000780000000)
  object space 33280K, 50% used [0x000000077ae00000,0x000000077be4d088,0x000000077ce80000)
Event: 264.692 GC heap after
Heap after GC invocations=33 (full 1):
 PSYoungGen      total 104448K, used 38221K [0x00000007d5500000, 0x00000007df300000, 0x0000000800000000)
  eden space 50176K, 0% used [0x00000007d5500000,0x00000007d5500000,0x00000007d8600000)
  from space 54272K, 70% used [0x00000007dbe00000,0x00000007de353518,0x00000007df300000)
  to   space 55808K, 0% used [0x00000007d8600000,0x00000007d8600000,0x00000007dbc80000)
 ParOldGen       total 171008K, used 111821K [0x0000000780000000, 0x000000078a700000, 0x00000007d5500000)
  object space 171008K, 65% used [0x0000000780000000,0x0000000786d33670,0x000000078a700000)
 PSPermGen       total 33280K, used 16692K [0x000000077ae00000, 0x000000077ce80000, 0x0000000780000000)
  object space 33280K, 50% used [0x000000077ae00000,0x000000077be4d088,0x000000077ce80000)
}

