# JRE version: Java(TM) SE Runtime Environment (7.0_51-b13) (build 1.7.0_51-b13)
# Java VM: Java HotSpot(TM) 64-Bit Server VM (24.51-b03 mixed mode bsd-amd64 compressed oops)
Heap
 PSYoungGen      total 68096K, used 53645K [0x00000007d5500000, 0x00000007db300000, 0x0000000800000000)
  eden space 44544K, 79% used [0x00000007d5500000,0x00000007d77b4b28,0x00000007d8080000)
  from space 23552K, 76% used [0x00000007d9900000,0x00000007daaaebd8,0x00000007db000000)
  to   space 25088K, 0% used [0x00000007d8080000,0x00000007d8080000,0x00000007d9900000)
 ParOldGen       total 155648K, used 74177K [0x0000000780000000, 0x0000000789800000, 0x00000007d5500000)
  object space 155648K, 47% used [0x0000000780000000,0x00000007848707f8,0x0000000789800000)
 PSPermGen       total 29696K, used 14892K [0x000000077ae00000, 0x000000077cb00000, 0x0000000780000000)
  object space 29696K, 50% used [0x000000077ae00000,0x000000077bc8b328,0x000000077cb00000)
GC Heap History (10 events):
Event: 43.756 GC heap before
{Heap before GC invocations=9 (full 1):
 PSYoungGen      total 64512K, used 45364K [0x00000007d5500000, 0x00000007dae80000, 0x0000000800000000)
  eden space 37888K, 99% used [0x00000007d5500000,0x00000007d79f18f0,0x00000007d7a00000)
  from space 26624K, 28% used [0x00000007d7a00000,0x00000007d815b890,0x00000007d9400000)
  to   space 24576K, 0% used [0x00000007d9680000,0x00000007d9680000,0x00000007dae80000)
 ParOldGen       total 155648K, used 74177K [0x0000000780000000, 0x0000000789800000, 0x00000007d5500000)
  object space 155648K, 47% used [0x0000000780000000,0x00000007848707f8,0x0000000789800000)
 PSPermGen       total 29696K, used 14839K [0x000000077ae00000, 0x000000077cb00000, 0x0000000780000000)
  object space 29696K, 49% used [0x000000077ae00000,0x000000077bc7dd98,0x000000077cb00000)
Event: 43.762 GC heap after
Heap after GC invocations=9 (full 1):
 PSYoungGen      total 62976K, used 9419K [0x00000007d5500000, 0x00000007dab00000, 0x0000000800000000)
  eden space 41984K, 0% used [0x00000007d5500000,0x00000007d5500000,0x00000007d7e00000)
  from space 20992K, 44% used [0x00000007d9680000,0x00000007d9fb2ca8,0x00000007dab00000)
  to   space 23040K, 0% used [0x00000007d7e00000,0x00000007d7e00000,0x00000007d9480000)
 ParOldGen       total 155648K, used 74177K [0x0000000780000000, 0x0000000789800000, 0x00000007d5500000)
  object space 155648K, 47% used [0x0000000780000000,0x00000007848707f8,0x0000000789800000)
 PSPermGen       total 29696K, used 14839K [0x000000077ae00000, 0x000000077cb00000, 0x0000000780000000)
  object space 29696K, 49% used [0x000000077ae00000,0x000000077bc7dd98,0x000000077cb00000)
}
Event: 51.329 GC heap before
{Heap before GC invocations=10 (full 1):
 PSYoungGen      total 62976K, used 51403K [0x00000007d5500000, 0x00000007dab00000, 0x0000000800000000)
  eden space 41984K, 100% used [0x00000007d5500000,0x00000007d7e00000,0x00000007d7e00000)
  from space 20992K, 44% used [0x00000007d9680000,0x00000007d9fb2ca8,0x00000007dab00000)
  to   space 23040K, 0% used [0x00000007d7e00000,0x00000007d7e00000,0x00000007d9480000)
 ParOldGen       total 155648K, used 74177K [0x0000000780000000, 0x0000000789800000, 0x00000007d5500000)
  object space 155648K, 47% used [0x0000000780000000,0x00000007848707f8,0x0000000789800000)
 PSPermGen       total 29696K, used 14839K [0x000000077ae00000, 0x000000077cb00000, 0x0000000780000000)
  object space 29696K, 49% used [0x000000077ae00000,0x000000077bc7df00,0x000000077cb00000)
Event: 51.336 GC heap after
Heap after GC invocations=10 (full 1):
 PSYoungGen      total 65024K, used 11563K [0x00000007d5500000, 0x00000007dab80000, 0x0000000800000000)
  eden space 41984K, 0% used [0x00000007d5500000,0x00000007d5500000,0x00000007d7e00000)
  from space 23040K, 50% used [0x00000007d7e00000,0x00000007d894aca8,0x00000007d9480000)
  to   space 22016K, 0% used [0x00000007d9600000,0x00000007d9600000,0x00000007dab80000)
 ParOldGen       total 155648K, used 74177K [0x0000000780000000, 0x0000000789800000, 0x00000007d5500000)
  object space 155648K, 47% used [0x0000000780000000,0x00000007848707f8,0x0000000789800000)
 PSPermGen       total 29696K, used 14839K [0x000000077ae00000, 0x000000077cb00000, 0x0000000780000000)
  object space 29696K, 49% used [0x000000077ae00000,0x000000077bc7df00,0x000000077cb00000)
}
Event: 58.885 GC heap before
{Heap before GC invocations=11 (full 1):
 PSYoungGen      total 65024K, used 53547K [0x00000007d5500000, 0x00000007dab80000, 0x0000000800000000)
  eden space 41984K, 100% used [0x00000007d5500000,0x00000007d7e00000,0x00000007d7e00000)
  from space 23040K, 50% used [0x00000007d7e00000,0x00000007d894aca8,0x00000007d9480000)
  to   space 22016K, 0% used [0x00000007d9600000,0x00000007d9600000,0x00000007dab80000)
 ParOldGen       total 155648K, used 74177K [0x0000000780000000, 0x0000000789800000, 0x00000007d5500000)
  object space 155648K, 47% used [0x0000000780000000,0x00000007848707f8,0x0000000789800000)
 PSPermGen       total 29696K, used 14876K [0x000000077ae00000, 0x000000077cb00000, 0x0000000780000000)
  object space 29696K, 50% used [0x000000077ae00000,0x000000077bc87028,0x000000077cb00000)
Event: 58.891 GC heap after
Heap after GC invocations=11 (full 1):
 PSYoungGen      total 66048K, used 13614K [0x00000007d5500000, 0x00000007dac00000, 0x0000000800000000)
  eden space 44032K, 0% used [0x00000007d5500000,0x00000007d5500000,0x00000007d8000000)
  from space 22016K, 61% used [0x00000007d9600000,0x00000007da34b890,0x00000007dab80000)
  to   space 22528K, 0% used [0x00000007d8000000,0x00000007d8000000,0x00000007d9600000)
 ParOldGen       total 155648K, used 74177K [0x0000000780000000, 0x0000000789800000, 0x00000007d5500000)
  object space 155648K, 47% used [0x0000000780000000,0x00000007848707f8,0x0000000789800000)
 PSPermGen       total 29696K, used 14876K [0x000000077ae00000, 0x000000077cb00000, 0x0000000780000000)
  object space 29696K, 50% used [0x000000077ae00000,0x000000077bc87028,0x000000077cb00000)
}
Event: 66.808 GC heap before
{Heap before GC invocations=12 (full 1):
 PSYoungGen      total 66048K, used 57646K [0x00000007d5500000, 0x00000007dac00000, 0x0000000800000000)
  eden space 44032K, 100% used [0x00000007d5500000,0x00000007d8000000,0x00000007d8000000)
  from space 22016K, 61% used [0x00000007d9600000,0x00000007da34b890,0x00000007dab80000)
  to   space 22528K, 0% used [0x00000007d8000000,0x00000007d8000000,0x00000007d9600000)
 ParOldGen       total 155648K, used 74177K [0x0000000780000000, 0x0000000789800000, 0x00000007d5500000)
  object space 155648K, 47% used [0x0000000780000000,0x00000007848707f8,0x0000000789800000)
 PSPermGen       total 29696K, used 14880K [0x000000077ae00000, 0x000000077cb00000, 0x0000000780000000)
  object space 29696K, 50% used [0x000000077ae00000,0x000000077bc88018,0x000000077cb00000)
Event: 66.816 GC heap after
Heap after GC invocations=12 (full 1):
 PSYoungGen      total 66560K, used 15872K [0x00000007d5500000, 0x00000007db000000, 0x0000000800000000)
  eden space 44032K, 0% used [0x00000007d5500000,0x00000007d5500000,0x00000007d8000000)
  from space 22528K, 70% used [0x00000007d8000000,0x00000007d8f803a8,0x00000007d9600000)
  to   space 23552K, 0% used [0x00000007d9900000,0x00000007d9900000,0x00000007db000000)
 ParOldGen       total 155648K, used 74177K [0x0000000780000000, 0x0000000789800000, 0x00000007d5500000)
  object space 155648K, 47% used [0x0000000780000000,0x00000007848707f8,0x0000000789800000)
 PSPermGen       total 29696K, used 14880K [0x000000077ae00000, 0x000000077cb00000, 0x0000000780000000)
  object space 29696K, 50% used [0x000000077ae00000,0x000000077bc88018,0x000000077cb00000)
}
Event: 74.666 GC heap before
{Heap before GC invocations=13 (full 1):
 PSYoungGen      total 66560K, used 59904K [0x00000007d5500000, 0x00000007db000000, 0x0000000800000000)
  eden space 44032K, 100% used [0x00000007d5500000,0x00000007d8000000,0x00000007d8000000)
  from space 22528K, 70% used [0x00000007d8000000,0x00000007d8f803a8,0x00000007d9600000)
  to   space 23552K, 0% used [0x00000007d9900000,0x00000007d9900000,0x00000007db000000)
 ParOldGen       total 155648K, used 74177K [0x0000000780000000, 0x0000000789800000, 0x00000007d5500000)
  object space 155648K, 47% used [0x0000000780000000,0x00000007848707f8,0x0000000789800000)
 PSPermGen       total 29696K, used 14884K [0x000000077ae00000, 0x000000077cb00000, 0x0000000780000000)
  object space 29696K, 50% used [0x000000077ae00000,0x000000077bc892e8,0x000000077cb00000)
Event: 74.676 GC heap after
Heap after GC invocations=13 (full 1):
 PSYoungGen      total 68096K, used 18106K [0x00000007d5500000, 0x00000007db300000, 0x0000000800000000)
  eden space 44544K, 0% used [0x00000007d5500000,0x00000007d5500000,0x00000007d8080000)
  from space 23552K, 76% used [0x00000007d9900000,0x00000007daaaebd8,0x00000007db000000)
  to   space 25088K, 0% used [0x00000007d8080000,0x00000007d8080000,0x00000007d9900000)
 ParOldGen       total 155648K, used 74177K [0x0000000780000000, 0x0000000789800000, 0x00000007d5500000)
  object space 155648K, 47% used [0x0000000780000000,0x00000007848707f8,0x0000000789800000)
 PSPermGen       total 29696K, used 14884K [0x000000077ae00000, 0x000000077cb00000, 0x0000000780000000)
  object space 29696K, 50% used [0x000000077ae00000,0x000000077bc892e8,0x000000077cb00000)
}

